<?xml version="1.0" encoding="UTF-8"?>
<testsuite xmlns:xsi="http://www.w3.org/2001/XMLSchema-instance" xsi:noNamespaceSchemaLocation="https://maven.apache.org/surefire/maven-surefire-plugin/xsd/surefire-test-report-3.0.xsd" version="3.0" name="TestSuite" time="9.553" tests="1" errors="0" skipped="0" failures="0">
  <properties>
[...]
</properties>
  <testcase name="verifyPageheader" classname="com.jala.academy.pagetest.LoginTest" time="0.414">
    <system-out><![CDATA[2024-07-18 18:27:54,858 [main] DEBUG com.jala.academy.pagetest.comJalaAcademyBaseTest  - Site URL : https://magnus.jalatechnologies.com/
2024-07-18 18:27:54,866 [main] INFO  com.jala.academy.pagetest.LoginTest  - Starting of initMethodTest method
2024-07-18 18:27:54,867 [main] INFO  com.jala.academy.pagetest.comJalaAcademyBaseTest  - Starting of method getWebDriver
2024-07-18 18:27:57,031 [main] INFO  com.jala.academy.pagetest.comJalaAcademyBaseTest  - ********** Driver Successfully Created ********* 
2024-07-18 18:27:57,031 [main] INFO  com.jala.academy.pagetest.comJalaAcademyBaseTest  - End of method getWebDriver
2024-07-18 18:27:57,031 [main] INFO  com.jala.academy.pagetest.comJalaAcademyBaseTest  - Starting of loginToRecruitment method
2024-07-18 18:27:57,033 [main] INFO  com.jala.academy.pageobjects.comJalaAcademyBasepage  - Starting of getTestFilePath method
2024-07-18 18:27:57,033 [main] INFO  com.jala.academy.pageobjects.comJalaAcademyBasepage  - Ending of getTestFilePath method
2024-07-18 18:27:57,033 [main] DEBUG com.jala.academy.pageobjects.comJalaAcademyBasepage  - In Constructor C:\Users\Narender\eclipse-workspace\com_jala_academy\src\main\resources
2024-07-18 18:27:57,033 [main] INFO  com.jala.academy.pageobjects.comJalaAcademyBasepage  - Starting of RecruitmentLoginPage method
2024-07-18 18:27:57,062 [main] INFO  com.jala.academy.pageobjects.comJalaAcademyBasepage  - Ending of RecruitmentLoginPage method
2024-07-18 18:28:03,117 [main] INFO  com.jala.academy.pagetest.comJalaAcademyBaseTest  - Ending of loginToRecruitment method
2024-07-18 18:28:03,117 [main] INFO  com.jala.academy.pageobjects.comJalaAcademyBasepage  - Starting of RecruitmentLoginPage method
2024-07-18 18:28:03,118 [main] INFO  com.jala.academy.pageobjects.comJalaAcademyBasepage  - Ending of RecruitmentLoginPage method
2024-07-18 18:28:03,118 [main] INFO  com.jala.academy.pagetest.LoginTest  - Ending of initMethodTest method
2024-07-18 18:28:03,185 [main] INFO  com.jala.academy.pagetest.LoginTest  - Starting of verify page header method
2024-07-18 18:28:03,185 [main] INFO  com.jala.academy.pageobjects.comJalaAcademyBasepage  - Starting of page header method
2024-07-18 18:28:03,185 [main] INFO  com.jala.academy.pageobjects.comJalaAcademyBasepage  - Ending of page header method
JALA Academy
2024-07-18 18:28:03,245 [main] INFO  com.jala.academy.pageobjects.comJalaAcademyBasepage  - Starting of setUserName method
2024-07-18 18:28:03,415 [main] INFO  com.jala.academy.pageobjects.comJalaAcademyBasepage  - Ending of setUserName method
2024-07-18 18:28:03,415 [main] INFO  com.jala.academy.pageobjects.comJalaAcademyBasepage  - Starting of setPassword method
2024-07-18 18:28:03,504 [main] INFO  com.jala.academy.pageobjects.comJalaAcademyBasepage  - Ending of setPassword method
2024-07-18 18:28:03,504 [main] INFO  com.jala.academy.pageobjects.comJalaAcademyBasepage  - Starting of clickOnLogInButton method
2024-07-18 18:28:03,565 [main] INFO  com.jala.academy.pageobjects.comJalaAcademyBasepage  - Ending of clickOnLogInButton method
2024-07-18 18:28:03,565 [main] INFO  com.jala.academy.pagetest.LoginTest  - Ending of verify page header method
]]></system-out>
    <system-err><![CDATA[SLF4J(W): No SLF4J providers were found.
SLF4J(W): Defaulting to no-operation (NOP) logger implementation
SLF4J(W): See https://www.slf4j.org/codes.html#noProviders for further details.
Starting ChromeDriver 126.0.6478.182 (5b5d8292ddf182f8b2096fa665b473b6317906d5-refs/branch-heads/6478@{#1776}) on port 44943
Only local connections are allowed.
Please see https://chromedriver.chromium.org/security-considerations for suggestions on keeping ChromeDriver safe.
ChromeDriver was started successfully.
Jul 18, 2024 6:27:56 PM org.openqa.selenium.devtools.CdpVersionFinder findNearestMatch
WARNING: Unable to find CDP implementation matching 126
Jul 18, 2024 6:27:56 PM org.openqa.selenium.chromium.ChromiumDriver lambda$new$3
WARNING: Unable to find version of CDP to use for . You may need to include a dependency on a specific version of the CDP using something similar to `org.seleniumhq.selenium:selenium-devtools-v86:4.8.1` where the version ("v86") matches the version of the chromium-based browser you're using and the version number of the artifact is the same as Selenium's.
]]></system-err>
  </testcase>
</testsuite>