<?xml version="1.0" encoding="UTF-8"?>
<testng-results ignored="0" total="1" passed="1" failed="0" skipped="0">
  <reporter-output>
  </reporter-output>
  <suite started-at="2024-07-18T18:26:19 IST" name="Suite" finished-at="2024-07-18T18:26:38 IST" duration-ms="18984">
    <groups>
    </groups>
    <test started-at="2024-07-18T18:26:19 IST" name="Test" finished-at="2024-07-18T18:26:38 IST" duration-ms="18984">
      <class name="com.jala.academy.pagetest.LoginTest">
        <test-method is-config="true" signature="initTestData(java.lang.String)[pri:0, instance:com.jala.academy.pagetest.LoginTest@59b38691]" started-at="2024-07-18T18:26:19 IST" name="initTestData" finished-at="2024-07-18T18:26:19 IST" duration-ms="18" status="PASS">
          <params>
            <param index="0">
              <value>
                <![CDATA[https://magnus.jalatechnologies.com/]]>
              </value>
            </param>
          </params>
          <reporter-output>
          </reporter-output>
        </test-method> <!-- initTestData -->
        <test-method is-config="true" signature="initMethodTest(java.lang.String, java.lang.String, java.lang.String, java.lang.String)[pri:0, instance:com.jala.academy.pagetest.LoginTest@59b38691]" started-at="2024-07-18T18:26:19 IST" name="initMethodTest" finished-at="2024-07-18T18:26:37 IST" duration-ms="18463" status="PASS">
          <params>
            <param index="0">
              <value>
                <![CDATA[chrome]]>
              </value>
            </param>
            <param index="1">
              <value>
                <![CDATA[https://magnus.jalatechnologies.com/]]>
              </value>
            </param>
            <param index="2">
              <value>
                <![CDATA[training@jalaacademy.com]]>
              </value>
            </param>
            <param index="3">
              <value>
                <![CDATA[jobprogram]]>
              </value>
            </param>
          </params>
          <reporter-output>
          </reporter-output>
        </test-method> <!-- initMethodTest -->
        <test-method signature="verifyPageheader()[pri:1, instance:com.jala.academy.pagetest.LoginTest@59b38691]" started-at="2024-07-18T18:26:37 IST" name="verifyPageheader" description=" Testcase #1, verify page header" finished-at="2024-07-18T18:26:38 IST" duration-ms="421" status="PASS">
          <reporter-output>
          </reporter-output>
        </test-method> <!-- verifyPageheader -->
      </class> <!-- com.jala.academy.pagetest.LoginTest -->
    </test> <!-- Test -->
  </suite> <!-- Suite -->
</testng-results>
